******** 問い合わせ ******
select user;
**************************

   user   
----------
 yukihira
(1 行)

******** 問い合わせ ******
create table kakakuhyo (hinmei TEXT, nedan INTEGER);
**************************

CREATE TABLE
              リレーション一覧
 スキーマ |   名前    |    型    |  所有者  
----------+-----------+----------+----------
 public   | kakakuhyo | テーブル | yukihira
(1 行)

          オブジェクトの説明
 スキーマ | 名前 | オブジェクト | 説明 
----------+------+--------------+------
(0 行)

               テーブル "public.kakakuhyo"
   列   |   型    | 照合順序 | Null 値を許容 | デフォルト 
--------+---------+----------+---------------+------------
 hinmei | text    |          |               | 
 nedan  | integer |          |               | 

******** 問い合わせ ******
select * from kakakuhyo 
;
**************************

 hinmei | nedan 
--------+-------
(0 行)

                                テーブル "public.kakakuhyo"
   列   |   型    | 照合順序 | Null 値を許容 | デフォルト | ストレージ | 統計の対象 | 説明 
--------+---------+----------+---------------+------------+------------+------------+------
 hinmei | text    |          |               |            | extended   |            | 
 nedan  | integer |          |               |            | plain      |            | 

******** 問い合わせ ******
INSERT INTO kakakuhyo VALUES ('ノート', 100);
**************************

INSERT 0 1
******** 問い合わせ ******
INSERT INTO kakakuhyo VALUES ('えんぴつ', 18);
**************************

INSERT 0 1
******** 問い合わせ ******
INSERT INTO kakakuhyo VALUES ('パン', 98);
**************************

INSERT 0 1
******** 問い合わせ ******
INSERT INTO kakakuhyo VALUES ('ジュース', 88);
**************************

INSERT 0 1
******** 問い合わせ ******
INSERT INTO kakakuhyo VALUES ('CDプレーヤ', 7800);
**************************

INSERT 0 1
******** 問い合わせ ******
INSERT INTO kakakuhyo VALUES ('ノートパソコン', 98000);
**************************

INSERT 0 1
******** 問い合わせ ******
select * from kakakuhyo ;
**************************

     hinmei     | nedan 
----------------+-------
 ノート         |   100
 えんぴつ       |    18
 パン           |    98
 ジュース       |    88
 CDプレーヤ     |  7800
 ノートパソコン | 98000
(6 行)

******** 問い合わせ ******
select hinmein AS 品名, nedan AS 値段 FROM kakakuhyo 
;
**************************

******** 問い合わせ ******
select hinmei AS 品名, nedan AS 値段 FROM kakakuhyo;
**************************

      品名      | 値段  
----------------+-------
 ノート         |   100
 えんぴつ       |    18
 パン           |    98
 ジュース       |    88
 CDプレーヤ     |  7800
 ノートパソコン | 98000
(6 行)

******** 問い合わせ ******
select sum(nedan) from kakakuhyo ;
**************************

  sum   
--------
 106104
(1 行)

******** 問い合わせ ******
select avg(nedan) from kakakuhyo ;
**************************

        avg         
--------------------
 17684.000000000000
(1 行)

******** 問い合わせ ******
select *, cast(nedan as FLOAT) * 0.9 AS waribiki FROM kakakuhyo ;
**************************

     hinmei     | nedan | waribiki 
----------------+-------+----------
 ノート         |   100 |       90
 えんぴつ       |    18 |     16.2
 パン           |    98 |     88.2
 ジュース       |    88 |     79.2
 CDプレーヤ     |  7800 |     7020
 ノートパソコン | 98000 |    88200
(6 行)

******** 問い合わせ ******
CREATE TABLE bumonhyo (hinmei TEXT, basyo TEXT);
**************************

CREATE TABLE
              テーブル "public.bumonhyo"
   列   |  型  | 照合順序 | Null 値を許容 | デフォルト 
--------+------+----------+---------------+------------
 hinmei | text |          |               | 
 basyo  | text |          |               | 

******** 問い合わせ ******
INSERT INTO bumonhyo VALUES ('ノート' '地下');
**************************

******** 問い合わせ ******
INSERT INTO bumonhyo VALUES ('ノート', '地下');
**************************

INSERT 0 1
******** 問い合わせ ******
INSERT INTO bumonhyo VALUES ('えんぴつ', '地下');
**************************

INSERT 0 1
******** 問い合わせ ******
INSERT INTO bumonhyo VALUES ('パン', '１階');
**************************

INSERT 0 1
******** 問い合わせ ******
INSERT INTO bumonhyo VALUES ('ジュース', '１階');
**************************

INSERT 0 1
******** 問い合わせ ******
INSERT INTO bumonhyo VALUES ('CDプレーヤ', '地下');
**************************

INSERT 0 1
******** 問い合わせ ******
INSERT INTO bumonhyo VALUES ('ノートパソコン', '地下');
**************************

INSERT 0 1
******** 問い合わせ ******
INSERT INTO bumonhyo VALUES ('弁当', '２階');
**************************

INSERT 0 1
******** 問い合わせ ******
INSERT INTO bumonhyo VALUES ('定食', '２階');
**************************

INSERT 0 1
******** 問い合わせ ******
INSERT INTO bumonhyo VALUES ('履歴書', '地下');
**************************

INSERT 0 1
******** 問い合わせ ******
INSERT INTO bumonhyo VALUES ('雑誌', '地下');
**************************

INSERT 0 1
******** 問い合わせ ******
SELECT * FROM bumonhyo ;
**************************

     hinmei     | basyo 
----------------+-------
 ノート         | 地下
 えんぴつ       | 地下
 パン           | １階
 ジュース       | １階
 CDプレーヤ     | 地下
 ノートパソコン | 地下
 弁当           | ２階
 定食           | ２階
 履歴書         | 地下
 雑誌           | 地下
(10 行)

******** 問い合わせ ******
SELECT kakakuhyo.hinmei, bumonhyo.basyo, kakakuhyo.nedan
FROM kakakuhyo, bumonhyo WHERE kakakuhyo.hinmei = bumonhyo.hinmei;
**************************

     hinmei     | basyo | nedan 
----------------+-------+-------
 CDプレーヤ     | 地下  |  7800
 えんぴつ       | 地下  |    18
 ジュース       | １階  |    88
 ノート         | 地下  |   100
 ノートパソコン | 地下  | 98000
 パン           | １階  |    98
(6 行)

******** 問い合わせ ******
SELECT t1.hinmei, t2.basyo, t1.nedan
FROM kakakuhyo AS t1, bumonhyo AS t2 WHERE t1.hinmei = t2.hinmei;
**************************

     hinmei     | basyo | nedan 
----------------+-------+-------
 CDプレーヤ     | 地下  |  7800
 えんぴつ       | 地下  |    18
 ジュース       | １階  |    88
 ノート         | 地下  |   100
 ノートパソコン | 地下  | 98000
 パン           | １階  |    98
(6 行)

******** 問い合わせ ******
UPDATE kakakuhyo SET nedan = nedan - 10000 WHERE hinmei = 'ノートパソコン';
**************************

UPDATE 1
******** 問い合わせ ******
SELECT * FROM kakakuhyo ;
**************************

     hinmei     | nedan 
----------------+-------
 ノート         |   100
 えんぴつ       |    18
 パン           |    98
 ジュース       |    88
 CDプレーヤ     |  7800
 ノートパソコン | 88000
(6 行)

              リレーション一覧
 スキーマ |   名前    |    型    |  所有者  
----------+-----------+----------+----------
 public   | bumonhyo  | テーブル | yukihira
 public   | kakakuhyo | テーブル | yukihira
(2 行)

******** 問い合わせ ******
SELECT * FROM kakakuhyo NATURAL JOIN bumonhyo ;
**************************

     hinmei     | nedan | basyo 
----------------+-------+-------
 CDプレーヤ     |  7800 | 地下
 えんぴつ       |    18 | 地下
 ジュース       |    88 | １階
 ノート         |   100 | 地下
 ノートパソコン | 88000 | 地下
 パン           |    98 | １階
(6 行)

******** 問い合わせ ******
SELECT kakakuhyo.hinmei, bumonhyo.basyo, kakakuhyo.nedan
FROM kakakuhyo, bumonhyo WHERE kakakuhyo.hinmei = bumonhyo.hinmei;
**************************

     hinmei     | basyo | nedan 
----------------+-------+-------
 CDプレーヤ     | 地下  |  7800
 えんぴつ       | 地下  |    18
 ジュース       | １階  |    88
 ノート         | 地下  |   100
 ノートパソコン | 地下  | 88000
 パン           | １階  |    98
(6 行)

******** 問い合わせ ******
COPY  kakakuhyo TO STDOUT 
**************************

COPY 6
******** 問い合わせ ******
COPY  bumonhyo TO STDOUT 
**************************

COPY 10
******** 問い合わせ ******
COPY  kakakuhyo FROM STDIN 
**************************

COPY 6
******** 問い合わせ ******
SELECT * FROM kakakuhyo ;
**************************

     hinmei     | nedan 
----------------+-------
 ノート         |   100
 えんぴつ       |    18
 パン           |    98
 ジュース       |    88
 CDプレーヤ     |  7800
 ノートパソコン | 88000
 ノート         |   100
 えんぴつ       |    18
 パン           |    98
 ジュース       |    88
 CDプレーヤ     |  7800
 ノートパソコン | 88000
(12 行)

******** 問い合わせ ******
DELETE FROM kakakuhyo WHERE hinmei = 'CDプレーヤ';
**************************

DELETE 2
******** 問い合わせ ******
SELECT * FROM kakakuhyo ;
**************************

     hinmei     | nedan 
----------------+-------
 ノート         |   100
 えんぴつ       |    18
 パン           |    98
 ジュース       |    88
 ノートパソコン | 88000
 ノート         |   100
 えんぴつ       |    18
 パン           |    98
 ジュース       |    88
 ノートパソコン | 88000
(10 行)

******** 問い合わせ ******
DELETE FROM kakakuhyo ;
**************************

DELETE 10
******** 問い合わせ ******
SELECT * FROM kakakuhyo ;
**************************

 hinmei | nedan 
--------+-------
(0 行)

******** 問い合わせ ******
DROP TABLE kakakuhyo ;
**************************

DROP TABLE
******** 問い合わせ ******
SELECT * FROM kakakuhyo ;
**************************

******** 問い合わせ ******
DROP TABLE bumonhyo ;
**************************

DROP TABLE
